F:\PROGRAMY\C++\BJSERVER\BJSERVER\DEBUG\BJSERVER.EXE.EMBED.MANIFEST
F:\PROGRAMY\C++\BJSERVER\BJSERVER\DEBUG\BJSERVER.EXE.EMBED.MANIFEST.RES
F:\PROGRAMY\C++\BJSERVER\BJSERVER\DEBUG\BJSERVER.EXE.INTERMEDIATE.MANIFEST
F:\Programy\C++\BJServer\BJServer\Debug\BJServer_manifest.rc
F:\Programy\C++\BJServer\BJServer\Debug\cl.command.1.tlog
F:\Programy\C++\BJServer\BJServer\Debug\CL.read.1.tlog
F:\Programy\C++\BJServer\BJServer\Debug\CL.write.1.tlog
F:\Programy\C++\BJServer\BJServer\Debug\link.1392.read.1.tlog
F:\Programy\C++\BJServer\BJServer\Debug\link.1392.write.1.tlog
F:\Programy\C++\BJServer\BJServer\Debug\link.1392-cvtres.read.1.tlog
F:\Programy\C++\BJServer\BJServer\Debug\link.1392-cvtres.write.1.tlog
F:\Programy\C++\BJServer\BJServer\Debug\link.2156.read.1.tlog
F:\Programy\C++\BJServer\BJServer\Debug\link.2156.write.1.tlog
F:\Programy\C++\BJServer\BJServer\Debug\link.2156-cvtres.read.1.tlog
F:\Programy\C++\BJServer\BJServer\Debug\link.2156-cvtres.write.1.tlog
F:\Programy\C++\BJServer\BJServer\Debug\link.2724.read.1.tlog
F:\Programy\C++\BJServer\BJServer\Debug\link.2724.write.1.tlog
F:\Programy\C++\BJServer\BJServer\Debug\link.2724-cvtres.read.1.tlog
F:\Programy\C++\BJServer\BJServer\Debug\link.2724-cvtres.write.1.tlog
F:\Programy\C++\BJServer\BJServer\Debug\link.2864.read.1.tlog
F:\Programy\C++\BJServer\BJServer\Debug\link.2864.write.1.tlog
F:\Programy\C++\BJServer\BJServer\Debug\link.2864-cvtres.read.1.tlog
F:\Programy\C++\BJServer\BJServer\Debug\link.2864-cvtres.write.1.tlog
F:\Programy\C++\BJServer\BJServer\Debug\link.3288.read.1.tlog
F:\Programy\C++\BJServer\BJServer\Debug\link.3288.write.1.tlog
F:\Programy\C++\BJServer\BJServer\Debug\link.3288-cvtres.read.1.tlog
F:\Programy\C++\BJServer\BJServer\Debug\link.3288-cvtres.write.1.tlog
F:\Programy\C++\BJServer\BJServer\Debug\link.3376.read.1.tlog
F:\Programy\C++\BJServer\BJServer\Debug\link.3376.write.1.tlog
F:\Programy\C++\BJServer\BJServer\Debug\link.3376-cvtres.read.1.tlog
F:\Programy\C++\BJServer\BJServer\Debug\link.3376-cvtres.write.1.tlog
F:\Programy\C++\BJServer\BJServer\Debug\link.344.read.1.tlog
F:\Programy\C++\BJServer\BJServer\Debug\link.344.write.1.tlog
F:\Programy\C++\BJServer\BJServer\Debug\link.344-cvtres.read.1.tlog
F:\Programy\C++\BJServer\BJServer\Debug\link.344-cvtres.write.1.tlog
F:\Programy\C++\BJServer\BJServer\Debug\link.368.read.1.tlog
F:\Programy\C++\BJServer\BJServer\Debug\link.368.write.1.tlog
F:\Programy\C++\BJServer\BJServer\Debug\link.3684.read.1.tlog
F:\Programy\C++\BJServer\BJServer\Debug\link.3684.write.1.tlog
F:\Programy\C++\BJServer\BJServer\Debug\link.3684-cvtres.read.1.tlog
F:\Programy\C++\BJServer\BJServer\Debug\link.3684-cvtres.write.1.tlog
F:\Programy\C++\BJServer\BJServer\Debug\link.368-cvtres.read.1.tlog
F:\Programy\C++\BJServer\BJServer\Debug\link.368-cvtres.write.1.tlog
F:\Programy\C++\BJServer\BJServer\Debug\link.4028.read.1.tlog
F:\Programy\C++\BJServer\BJServer\Debug\link.4028.write.1.tlog
F:\Programy\C++\BJServer\BJServer\Debug\link.4028-cvtres.read.1.tlog
F:\Programy\C++\BJServer\BJServer\Debug\link.4028-cvtres.write.1.tlog
F:\Programy\C++\BJServer\BJServer\Debug\link.4068.read.1.tlog
F:\Programy\C++\BJServer\BJServer\Debug\link.4068.write.1.tlog
F:\Programy\C++\BJServer\BJServer\Debug\link.4068-cvtres.read.1.tlog
F:\Programy\C++\BJServer\BJServer\Debug\link.4068-cvtres.write.1.tlog
F:\Programy\C++\BJServer\BJServer\Debug\link.4184.read.1.tlog
F:\Programy\C++\BJServer\BJServer\Debug\link.4184.write.1.tlog
F:\Programy\C++\BJServer\BJServer\Debug\link.4184-cvtres.read.1.tlog
F:\Programy\C++\BJServer\BJServer\Debug\link.4184-cvtres.write.1.tlog
F:\Programy\C++\BJServer\BJServer\Debug\link.4380.read.1.tlog
F:\Programy\C++\BJServer\BJServer\Debug\link.4380.write.1.tlog
F:\Programy\C++\BJServer\BJServer\Debug\link.4380-cvtres.read.1.tlog
F:\Programy\C++\BJServer\BJServer\Debug\link.4380-cvtres.write.1.tlog
F:\Programy\C++\BJServer\BJServer\Debug\link.4416.read.1.tlog
F:\Programy\C++\BJServer\BJServer\Debug\link.4416.write.1.tlog
F:\Programy\C++\BJServer\BJServer\Debug\link.4416-cvtres.read.1.tlog
F:\Programy\C++\BJServer\BJServer\Debug\link.4416-cvtres.write.1.tlog
F:\Programy\C++\BJServer\BJServer\Debug\link.4484.read.1.tlog
F:\Programy\C++\BJServer\BJServer\Debug\link.4484.write.1.tlog
F:\Programy\C++\BJServer\BJServer\Debug\link.4484-cvtres.read.1.tlog
F:\Programy\C++\BJServer\BJServer\Debug\link.4484-cvtres.write.1.tlog
F:\Programy\C++\BJServer\BJServer\Debug\link.4632.read.1.tlog
F:\Programy\C++\BJServer\BJServer\Debug\link.4632.write.1.tlog
F:\Programy\C++\BJServer\BJServer\Debug\link.4632-cvtres.read.1.tlog
F:\Programy\C++\BJServer\BJServer\Debug\link.4632-cvtres.write.1.tlog
F:\Programy\C++\BJServer\BJServer\Debug\link.4880.read.1.tlog
F:\Programy\C++\BJServer\BJServer\Debug\link.4880.write.1.tlog
F:\Programy\C++\BJServer\BJServer\Debug\link.4880-cvtres.read.1.tlog
F:\Programy\C++\BJServer\BJServer\Debug\link.4880-cvtres.write.1.tlog
F:\Programy\C++\BJServer\BJServer\Debug\link.5040.read.1.tlog
F:\Programy\C++\BJServer\BJServer\Debug\link.5040.write.1.tlog
F:\Programy\C++\BJServer\BJServer\Debug\link.5040-cvtres.read.1.tlog
F:\Programy\C++\BJServer\BJServer\Debug\link.5040-cvtres.write.1.tlog
F:\Programy\C++\BJServer\BJServer\Debug\link.5540.read.1.tlog
F:\Programy\C++\BJServer\BJServer\Debug\link.5540.write.1.tlog
F:\Programy\C++\BJServer\BJServer\Debug\link.5540-cvtres.read.1.tlog
F:\Programy\C++\BJServer\BJServer\Debug\link.5540-cvtres.write.1.tlog
F:\Programy\C++\BJServer\BJServer\Debug\link.command.1.tlog
F:\Programy\C++\BJServer\BJServer\Debug\link.read.1.tlog
F:\Programy\C++\BJServer\BJServer\Debug\link.write.1.tlog
F:\Programy\C++\BJServer\BJServer\Debug\link-cvtres.read.1.tlog
F:\Programy\C++\BJServer\BJServer\Debug\link-cvtres.write.1.tlog
F:\Programy\C++\BJServer\BJServer\Debug\mt.command.1.tlog
F:\Programy\C++\BJServer\BJServer\Debug\mt.read.1.tlog
F:\Programy\C++\BJServer\BJServer\Debug\mt.write.1.tlog
F:\Programy\C++\BJServer\BJServer\Debug\rc.command.1.tlog
F:\Programy\C++\BJServer\BJServer\Debug\rc.read.1.tlog
F:\Programy\C++\BJServer\BJServer\Debug\rc.write.1.tlog
F:\PROGRAMY\C++\BJSERVER\BJSERVER\DEBUG\SERVER.OBJ
F:\Programy\C++\BJServer\BJServer\Debug\vc100.idb
F:\PROGRAMY\C++\BJSERVER\BJSERVER\DEBUG\VC100.PDB
F:\PROGRAMY\C++\BJSERVER\DEBUG\BJSERVER.EXE
F:\PROGRAMY\C++\BJSERVER\DEBUG\BJSERVER.ILK
F:\PROGRAMY\C++\BJSERVER\DEBUG\BJSERVER.PDB
